# JRE version: OpenJDK Runtime Environment Temurin-21.0.9+10 (21.0.9+10) (build 21.0.9+10-LTS)
# Java VM: OpenJDK 64-Bit Server VM Temurin-21.0.9+10 (21.0.9+10-LTS, mixed mode, sharing, tiered, compressed oops, compressed class ptrs, parallel gc, windows-amd64)
GC Precious Log:
 CardTable entry size: 512
 CPUs: 2 total, 2 available
 Memory: 3901M
 Large Page Support: Disabled
 NUMA Support: Disabled
 Compressed Oops: Enabled (32-bit)
 Alignments: Space 512K, Generation 512K, Heap 2M
 Heap Min Capacity: 100M
 Heap Initial Capacity: 100M
 Heap Max Capacity: 2G
 Pre-touch: Disabled
 Parallel Workers: 2
Heap:
 PSYoungGen      total 2048K, used 967K [0x00000000d5580000, 0x00000000d5880000, 0x0000000100000000)
  eden space 1536K, 58% used [0x00000000d5580000,0x00000000d5661ea0,0x00000000d5700000)
  from space 512K, 12% used [0x00000000d5780000,0x00000000d5790000,0x00000000d5800000)
  to   space 512K, 0% used [0x00000000d5800000,0x00000000d5800000,0x00000000d5880000)
 ParOldGen       total 922624K, used 477924K [0x0000000080000000, 0x00000000b8500000, 0x00000000d5580000)
  object space 922624K, 51% used [0x0000000080000000,0x000000009d2b9360,0x00000000b8500000)
 Metaspace       used 90314K, committed 91776K, reserved 1179648K
  class space    used 9047K, committed 9728K, reserved 1048576K
GC Heap History (20 events):
Event: 67996.794 GC heap before
{Heap before GC invocations=4038 (full 6):
 PSYoungGen      total 2048K, used 1600K [0x00000000d5580000, 0x00000000d5900000, 0x0000000100000000)
  eden space 1536K, 100% used [0x00000000d5580000,0x00000000d5700000,0x00000000d5700000)
  from space 512K, 12% used [0x00000000d5800000,0x00000000d5810000,0x00000000d5880000)
  to   space 512K, 0% used [0x00000000d5880000,0x00000000d5880000,0x00000000d5900000)
 ParOldGen       total 922624K, used 476368K [0x0000000080000000, 0x00000000b8500000, 0x00000000d5580000)
  object space 922624K, 51% used [0x0000000080000000,0x000000009d134340,0x00000000b8500000)
 Metaspace       used 90289K, committed 91712K, reserved 1179648K
  class space    used 9047K, committed 9728K, reserved 1048576K
}
Event: 67997.483 GC heap after
{Heap after GC invocations=4038 (full 6):
 PSYoungGen      total 2048K, used 128K [0x00000000d5580000, 0x00000000d5900000, 0x0000000100000000)
  eden space 1536K, 0% used [0x00000000d5580000,0x00000000d5580000,0x00000000d5700000)
  from space 512K, 25% used [0x00000000d5880000,0x00000000d58a0020,0x00000000d5900000)
  to   space 512K, 0% used [0x00000000d5800000,0x00000000d5800000,0x00000000d5880000)
 ParOldGen       total 922624K, used 476384K [0x0000000080000000, 0x00000000b8500000, 0x00000000d5580000)
  object space 922624K, 51% used [0x0000000080000000,0x000000009d138340,0x00000000b8500000)
 Metaspace       used 90289K, committed 91712K, reserved 1179648K
  class space    used 9047K, committed 9728K, reserved 1048576K
}
Event: 67998.911 GC heap before
{Heap before GC invocations=4039 (full 6):
 PSYoungGen      total 2048K, used 1664K [0x00000000d5580000, 0x00000000d5900000, 0x0000000100000000)
  eden space 1536K, 100% used [0x00000000d5580000,0x00000000d5700000,0x00000000d5700000)
  from space 512K, 25% used [0x00000000d5880000,0x00000000d58a0020,0x00000000d5900000)
  to   space 512K, 0% used [0x00000000d5800000,0x00000000d5800000,0x00000000d5880000)
 ParOldGen       total 922624K, used 476384K [0x0000000080000000, 0x00000000b8500000, 0x00000000d5580000)
  object space 922624K, 51% used [0x0000000080000000,0x000000009d138340,0x00000000b8500000)
 Metaspace       used 90302K, committed 91776K, reserved 1179648K
  class space    used 9047K, committed 9728K, reserved 1048576K
}
Event: 67998.928 GC heap after
{Heap after GC invocations=4039 (full 6):
 PSYoungGen      total 2048K, used 176K [0x00000000d5580000, 0x00000000d5900000, 0x0000000100000000)
  eden space 1536K, 0% used [0x00000000d5580000,0x00000000d5580000,0x00000000d5700000)
  from space 512K, 34% used [0x00000000d5800000,0x00000000d582c010,0x00000000d5880000)
  to   space 512K, 0% used [0x00000000d5880000,0x00000000d5880000,0x00000000d5900000)
 ParOldGen       total 922624K, used 476400K [0x0000000080000000, 0x00000000b8500000, 0x00000000d5580000)
  object space 922624K, 51% used [0x0000000080000000,0x000000009d13c340,0x00000000b8500000)
 Metaspace       used 90302K, committed 91776K, reserved 1179648K
  class space    used 9047K, committed 9728K, reserved 1048576K
}
Event: 68000.052 GC heap before
{Heap before GC invocations=4040 (full 6):
 PSYoungGen      total 2048K, used 1712K [0x00000000d5580000, 0x00000000d5900000, 0x0000000100000000)
  eden space 1536K, 100% used [0x00000000d5580000,0x00000000d5700000,0x00000000d5700000)
  from space 512K, 34% used [0x00000000d5800000,0x00000000d582c010,0x00000000d5880000)
  to   space 512K, 0% used [0x00000000d5880000,0x00000000d5880000,0x00000000d5900000)
 ParOldGen       total 922624K, used 476400K [0x0000000080000000, 0x00000000b8500000, 0x00000000d5580000)
  object space 922624K, 51% used [0x0000000080000000,0x000000009d13c340,0x00000000b8500000)
 Metaspace       used 90304K, committed 91776K, reserved 1179648K
  class space    used 9047K, committed 9728K, reserved 1048576K
}
Event: 68000.071 GC heap after
{Heap after GC invocations=4040 (full 6):
 PSYoungGen      total 2048K, used 480K [0x00000000d5580000, 0x00000000d5900000, 0x0000000100000000)
  eden space 1536K, 0% used [0x00000000d5580000,0x00000000d5580000,0x00000000d5700000)
  from space 512K, 93% used [0x00000000d5880000,0x00000000d58f8000,0x00000000d5900000)
  to   space 1024K, 0% used [0x00000000d5700000,0x00000000d5700000,0x00000000d5800000)
 ParOldGen       total 922624K, used 476534K [0x0000000080000000, 0x00000000b8500000, 0x00000000d5580000)
  object space 922624K, 51% used [0x0000000080000000,0x000000009d15d810,0x00000000b8500000)
 Metaspace       used 90304K, committed 91776K, reserved 1179648K
  class space    used 9047K, committed 9728K, reserved 1048576K
}
Event: 68001.282 GC heap before
{Heap before GC invocations=4041 (full 6):
 PSYoungGen      total 2048K, used 2016K [0x00000000d5580000, 0x00000000d5900000, 0x0000000100000000)
  eden space 1536K, 100% used [0x00000000d5580000,0x00000000d5700000,0x00000000d5700000)
  from space 512K, 93% used [0x00000000d5880000,0x00000000d58f8000,0x00000000d5900000)
  to   space 1024K, 0% used [0x00000000d5700000,0x00000000d5700000,0x00000000d5800000)
 ParOldGen       total 922624K, used 476534K [0x0000000080000000, 0x00000000b8500000, 0x00000000d5580000)
  object space 922624K, 51% used [0x0000000080000000,0x000000009d15d810,0x00000000b8500000)
 Metaspace       used 90304K, committed 91776K, reserved 1179648K
  class space    used 9047K, committed 9728K, reserved 1048576K
}
Event: 68001.308 GC heap after
{Heap after GC invocations=4041 (full 6):
 PSYoungGen      total 2560K, used 480K [0x00000000d5580000, 0x00000000d5900000, 0x0000000100000000)
  eden space 1536K, 0% used [0x00000000d5580000,0x00000000d5580000,0x00000000d5700000)
  from space 1024K, 46% used [0x00000000d5700000,0x00000000d5778020,0x00000000d5800000)
  to   space 512K, 0% used [0x00000000d5880000,0x00000000d5880000,0x00000000d5900000)
 ParOldGen       total 922624K, used 476966K [0x0000000080000000, 0x00000000b8500000, 0x00000000d5580000)
  object space 922624K, 51% used [0x0000000080000000,0x000000009d1c9830,0x00000000b8500000)
 Metaspace       used 90304K, committed 91776K, reserved 1179648K
  class space    used 9047K, committed 9728K, reserved 1048576K
}
Event: 68001.608 GC heap before
{Heap before GC invocations=4042 (full 6):
 PSYoungGen      total 2560K, used 2016K [0x00000000d5580000, 0x00000000d5900000, 0x0000000100000000)
  eden space 1536K, 100% used [0x00000000d5580000,0x00000000d5700000,0x00000000d5700000)
  from space 1024K, 46% used [0x00000000d5700000,0x00000000d5778020,0x00000000d5800000)
  to   space 512K, 0% used [0x00000000d5880000,0x00000000d5880000,0x00000000d5900000)
 ParOldGen       total 922624K, used 476966K [0x0000000080000000, 0x00000000b8500000, 0x00000000d5580000)
  object space 922624K, 51% used [0x0000000080000000,0x000000009d1c9830,0x00000000b8500000)
 Metaspace       used 90304K, committed 91776K, reserved 1179648K
  class space    used 9047K, committed 9728K, reserved 1048576K
}
Event: 68001.618 GC heap after
{Heap after GC invocations=4042 (full 6):
 PSYoungGen      total 2048K, used 496K [0x00000000d5580000, 0x00000000d5900000, 0x0000000100000000)
  eden space 1536K, 0% used [0x00000000d5580000,0x00000000d5580000,0x00000000d5700000)
  from space 512K, 96% used [0x00000000d5880000,0x00000000d58fc010,0x00000000d5900000)
  to   space 1024K, 0% used [0x00000000d5700000,0x00000000d5700000,0x00000000d5800000)
 ParOldGen       total 922624K, used 477374K [0x0000000080000000, 0x00000000b8500000, 0x00000000d5580000)
  object space 922624K, 51% used [0x0000000080000000,0x000000009d22fa10,0x00000000b8500000)
 Metaspace       used 90304K, committed 91776K, reserved 1179648K
  class space    used 9047K, committed 9728K, reserved 1048576K
}
Event: 68001.680 GC heap before
{Heap before GC invocations=4043 (full 6):
 PSYoungGen      total 2048K, used 2032K [0x00000000d5580000, 0x00000000d5900000, 0x0000000100000000)
  eden space 1536K, 100% used [0x00000000d5580000,0x00000000d5700000,0x00000000d5700000)
  from space 512K, 96% used [0x00000000d5880000,0x00000000d58fc010,0x00000000d5900000)
  to   space 1024K, 0% used [0x00000000d5700000,0x00000000d5700000,0x00000000d5800000)
 ParOldGen       total 922624K, used 477374K [0x0000000080000000, 0x00000000b8500000, 0x00000000d5580000)
  object space 922624K, 51% used [0x0000000080000000,0x000000009d22fa10,0x00000000b8500000)
 Metaspace       used 90304K, committed 91776K, reserved 1179648K
  class space    used 9047K, committed 9728K, reserved 1048576K
}
Event: 68001.693 GC heap after
{Heap after GC invocations=4043 (full 6):
 PSYoungGen      total 2560K, used 672K [0x00000000d5580000, 0x00000000d5900000, 0x0000000100000000)
  eden space 1536K, 0% used [0x00000000d5580000,0x00000000d5580000,0x00000000d5700000)
  from space 1024K, 65% used [0x00000000d5700000,0x00000000d57a8000,0x00000000d5800000)
  to   space 1024K, 0% used [0x00000000d5800000,0x00000000d5800000,0x00000000d5900000)
 ParOldGen       total 922624K, used 477777K [0x0000000080000000, 0x00000000b8500000, 0x00000000d5580000)
  object space 922624K, 51% used [0x0000000080000000,0x000000009d294620,0x00000000b8500000)
 Metaspace       used 90304K, committed 91776K, reserved 1179648K
  class space    used 9047K, committed 9728K, reserved 1048576K
}
Event: 68001.803 GC heap before
{Heap before GC invocations=4044 (full 6):
 PSYoungGen      total 2560K, used 2204K [0x00000000d5580000, 0x00000000d5900000, 0x0000000100000000)
  eden space 1536K, 99% used [0x00000000d5580000,0x00000000d56ff1a0,0x00000000d5700000)
  from space 1024K, 65% used [0x00000000d5700000,0x00000000d57a8000,0x00000000d5800000)
  to   space 1024K, 0% used [0x00000000d5800000,0x00000000d5800000,0x00000000d5900000)
 ParOldGen       total 922624K, used 477777K [0x0000000080000000, 0x00000000b8500000, 0x00000000d5580000)
  object space 922624K, 51% used [0x0000000080000000,0x000000009d294620,0x00000000b8500000)
 Metaspace       used 90304K, committed 91776K, reserved 1179648K
  class space    used 9047K, committed 9728K, reserved 1048576K
}
Event: 68001.816 GC heap after
{Heap after GC invocations=4044 (full 6):
 PSYoungGen      total 2048K, used 144K [0x00000000d5580000, 0x00000000d5880000, 0x0000000100000000)
  eden space 1536K, 0% used [0x00000000d5580000,0x00000000d5580000,0x00000000d5700000)
  from space 512K, 28% used [0x00000000d5800000,0x00000000d5824010,0x00000000d5880000)
  to   space 512K, 0% used [0x00000000d5780000,0x00000000d5780000,0x00000000d5800000)
 ParOldGen       total 922624K, used 477820K [0x0000000080000000, 0x00000000b8500000, 0x00000000d5580000)
  object space 922624K, 51% used [0x0000000080000000,0x000000009d29f360,0x00000000b8500000)
 Metaspace       used 90304K, committed 91776K, reserved 1179648K
  class space    used 9047K, committed 9728K, reserved 1048576K
}
Event: 68017.750 GC heap before
{Heap before GC invocations=4045 (full 6):
 PSYoungGen      total 2048K, used 1680K [0x00000000d5580000, 0x00000000d5880000, 0x0000000100000000)
  eden space 1536K, 100% used [0x00000000d5580000,0x00000000d5700000,0x00000000d5700000)
  from space 512K, 28% used [0x00000000d5800000,0x00000000d5824010,0x00000000d5880000)
  to   space 512K, 0% used [0x00000000d5780000,0x00000000d5780000,0x00000000d5800000)
 ParOldGen       total 922624K, used 477820K [0x0000000080000000, 0x00000000b8500000, 0x00000000d5580000)
  object space 922624K, 51% used [0x0000000080000000,0x000000009d29f360,0x00000000b8500000)
 Metaspace       used 90304K, committed 91776K, reserved 1179648K
  class space    used 9047K, committed 9728K, reserved 1048576K
}
Event: 68017.758 GC heap after
{Heap after GC invocations=4045 (full 6):
 PSYoungGen      total 2048K, used 64K [0x00000000d5580000, 0x00000000d5880000, 0x0000000100000000)
  eden space 1536K, 0% used [0x00000000d5580000,0x00000000d5580000,0x00000000d5700000)
  from space 512K, 12% used [0x00000000d5780000,0x00000000d5790000,0x00000000d5800000)
  to   space 512K, 0% used [0x00000000d5800000,0x00000000d5800000,0x00000000d5880000)
 ParOldGen       total 922624K, used 477892K [0x0000000080000000, 0x00000000b8500000, 0x00000000d5580000)
  object space 922624K, 51% used [0x0000000080000000,0x000000009d2b1360,0x00000000b8500000)
 Metaspace       used 90304K, committed 91776K, reserved 1179648K
  class space    used 9047K, committed 9728K, reserved 1048576K
}
Event: 72142.342 GC heap before
{Heap before GC invocations=4046 (full 6):
 PSYoungGen      total 2048K, used 1600K [0x00000000d5580000, 0x00000000d5880000, 0x0000000100000000)
  eden space 1536K, 100% used [0x00000000d5580000,0x00000000d5700000,0x00000000d5700000)
  from space 512K, 12% used [0x00000000d5780000,0x00000000d5790000,0x00000000d5800000)
  to   space 512K, 0% used [0x00000000d5800000,0x00000000d5800000,0x00000000d5880000)
 ParOldGen       total 922624K, used 477892K [0x0000000080000000, 0x00000000b8500000, 0x00000000d5580000)
  object space 922624K, 51% used [0x0000000080000000,0x000000009d2b1360,0x00000000b8500000)
 Metaspace       used 90306K, committed 91776K, reserved 1179648K
  class space    used 9047K, committed 9728K, reserved 1048576K
}
Event: 72143.031 GC heap after
{Heap after GC invocations=4046 (full 6):
 PSYoungGen      total 2048K, used 64K [0x00000000d5580000, 0x00000000d5880000, 0x0000000100000000)
  eden space 1536K, 0% used [0x00000000d5580000,0x00000000d5580000,0x00000000d5700000)
  from space 512K, 12% used [0x00000000d5800000,0x00000000d5810000,0x00000000d5880000)
  to   space 512K, 0% used [0x00000000d5780000,0x00000000d5780000,0x00000000d5800000)
 ParOldGen       total 922624K, used 477908K [0x0000000080000000, 0x00000000b8500000, 0x00000000d5580000)
  object space 922624K, 51% used [0x0000000080000000,0x000000009d2b5360,0x00000000b8500000)
 Metaspace       used 90306K, committed 91776K, reserved 1179648K
  class space    used 9047K, committed 9728K, reserved 1048576K
}
Event: 74547.202 GC heap before
{Heap before GC invocations=4047 (full 6):
 PSYoungGen      total 2048K, used 1599K [0x00000000d5580000, 0x00000000d5880000, 0x0000000100000000)
  eden space 1536K, 99% used [0x00000000d5580000,0x00000000d56fffe8,0x00000000d5700000)
  from space 512K, 12% used [0x00000000d5800000,0x00000000d5810000,0x00000000d5880000)
  to   space 512K, 0% used [0x00000000d5780000,0x00000000d5780000,0x00000000d5800000)
 ParOldGen       total 922624K, used 477908K [0x0000000080000000, 0x00000000b8500000, 0x00000000d5580000)
  object space 922624K, 51% used [0x0000000080000000,0x000000009d2b5360,0x00000000b8500000)
 Metaspace       used 90313K, committed 91776K, reserved 1179648K
  class space    used 9047K, committed 9728K, reserved 1048576K
}
Event: 74547.833 GC heap after
{Heap after GC invocations=4047 (full 6):
 PSYoungGen      total 2048K, used 64K [0x00000000d5580000, 0x00000000d5880000, 0x0000000100000000)
  eden space 1536K, 0% used [0x00000000d5580000,0x00000000d5580000,0x00000000d5700000)
  from space 512K, 12% used [0x00000000d5780000,0x00000000d5790000,0x00000000d5800000)
  to   space 512K, 0% used [0x00000000d5800000,0x00000000d5800000,0x00000000d5880000)
 ParOldGen       total 922624K, used 477924K [0x0000000080000000, 0x00000000b8500000, 0x00000000d5580000)
  object space 922624K, 51% used [0x0000000080000000,0x000000009d2b9360,0x00000000b8500000)
 Metaspace       used 90313K, committed 91776K, reserved 1179648K
  class space    used 9047K, committed 9728K, reserved 1048576K
}

